The system is: Linux - 4.13.16-100.fc25.x86_64 - x86_64
Compiling the C compiler identification source file "CMakeCCompilerId.c" succeeded.
Compiler: /usr/lib64/ccache/cc 
Build flags: 
Id flags:  

The output was:
0


Compilation of the C compiler identification source "CMakeCCompilerId.c" produced "a.out"

The C compiler identification is GNU, found in "/home/LOCAL.ISIMA.FR/yonidabrah/Documents/MODL/TP/cpp-labs/TP3/tp_3/build/CMakeFiles/3.9.1/CompilerIdC/a.out"

Compiling the CXX compiler identification source file "CMakeCXXCompilerId.cpp" succeeded.
Compiler: /usr/lib64/ccache/c++ 
Build flags: 
Id flags:  

The output was:
0


Compilation of the CXX compiler identification source "CMakeCXXCompilerId.cpp" produced "a.out"

The CXX compiler identification is GNU, found in "/home/LOCAL.ISIMA.FR/yonidabrah/Documents/MODL/TP/cpp-labs/TP3/tp_3/build/CMakeFiles/3.9.1/CompilerIdCXX/a.out"

Determining if the C compiler works passed with the following output:
Change Dir: /home/LOCAL.ISIMA.FR/yonidabrah/Documents/MODL/TP/cpp-labs/TP3/tp_3/build/CMakeFiles/CMakeTmp

Run Build Command:"/usr/bin/gmake" "cmTC_0a702/fast"
/usr/bin/gmake -f CMakeFiles/cmTC_0a702.dir/build.make CMakeFiles/cmTC_0a702.dir/build
gmake[1] : on entre dans le répertoire « /home/LOCAL.ISIMA.FR/yonidabrah/Documents/MODL/TP/cpp-labs/TP3/tp_3/build/CMakeFiles/CMakeTmp »
Building C object CMakeFiles/cmTC_0a702.dir/testCCompiler.c.o
/usr/lib64/ccache/cc    -o CMakeFiles/cmTC_0a702.dir/testCCompiler.c.o   -c /home/LOCAL.ISIMA.FR/yonidabrah/Documents/MODL/TP/cpp-labs/TP3/tp_3/build/CMakeFiles/CMakeTmp/testCCompiler.c
Linking C executable cmTC_0a702
/usr/bin/cmake -E cmake_link_script CMakeFiles/cmTC_0a702.dir/link.txt --verbose=1
/usr/lib64/ccache/cc      -rdynamic CMakeFiles/cmTC_0a702.dir/testCCompiler.c.o  -o cmTC_0a702 
gmake[1] : on quitte le répertoire « /home/LOCAL.ISIMA.FR/yonidabrah/Documents/MODL/TP/cpp-labs/TP3/tp_3/build/CMakeFiles/CMakeTmp »


Detecting C compiler ABI info compiled with the following output:
Change Dir: /home/LOCAL.ISIMA.FR/yonidabrah/Documents/MODL/TP/cpp-labs/TP3/tp_3/build/CMakeFiles/CMakeTmp

Run Build Command:"/usr/bin/gmake" "cmTC_88c6c/fast"
/usr/bin/gmake -f CMakeFiles/cmTC_88c6c.dir/build.make CMakeFiles/cmTC_88c6c.dir/build
gmake[1] : on entre dans le répertoire « /home/LOCAL.ISIMA.FR/yonidabrah/Documents/MODL/TP/cpp-labs/TP3/tp_3/build/CMakeFiles/CMakeTmp »
Building C object CMakeFiles/cmTC_88c6c.dir/CMakeCCompilerABI.c.o
/usr/lib64/ccache/cc    -o CMakeFiles/cmTC_88c6c.dir/CMakeCCompilerABI.c.o   -c /usr/share/cmake/Modules/CMakeCCompilerABI.c
Linking C executable cmTC_88c6c
/usr/bin/cmake -E cmake_link_script CMakeFiles/cmTC_88c6c.dir/link.txt --verbose=1
/usr/lib64/ccache/cc     -v -rdynamic CMakeFiles/cmTC_88c6c.dir/CMakeCCompilerABI.c.o  -o cmTC_88c6c 
Utilisation des specs internes.
COLLECT_GCC=/usr/bin/cc
COLLECT_LTO_WRAPPER=/usr/libexec/gcc/x86_64-redhat-linux/6.4.1/lto-wrapper
Cible : x86_64-redhat-linux
Configuré avec: ../configure --enable-bootstrap --enable-languages=c,c++,objc,obj-c++,fortran,ada,go,lto --prefix=/usr --mandir=/usr/share/man --infodir=/usr/share/info --with-bugurl=http://bugzilla.redhat.com/bugzilla --enable-shared --enable-threads=posix --enable-checking=release --enable-multilib --with-system-zlib --enable-__cxa_atexit --disable-libunwind-exceptions --enable-gnu-unique-object --enable-linker-build-id --with-linker-hash-style=gnu --enable-plugin --enable-initfini-array --disable-libgcj --with-isl --enable-libmpx --enable-gnu-indirect-function --with-tune=generic --with-arch_32=i686 --build=x86_64-redhat-linux
Modèle de thread: posix
gcc version 6.4.1 20170727 (Red Hat 6.4.1-1) (GCC) 
COMPILER_PATH=/usr/libexec/gcc/x86_64-redhat-linux/6.4.1/:/usr/libexec/gcc/x86_64-redhat-linux/6.4.1/:/usr/libexec/gcc/x86_64-redhat-linux/:/usr/lib/gcc/x86_64-redhat-linux/6.4.1/:/usr/lib/gcc/x86_64-redhat-linux/
LIBRARY_PATH=/usr/lib/gcc/x86_64-redhat-linux/6.4.1/:/usr/lib/gcc/x86_64-redhat-linux/6.4.1/../../../../lib64/:/lib/../lib64/:/usr/lib/../lib64/:/usr/lib/gcc/x86_64-redhat-linux/6.4.1/../../../:/lib/:/usr/lib/
COLLECT_GCC_OPTIONS='-v' '-rdynamic' '-o' 'cmTC_88c6c' '-mtune=generic' '-march=x86-64'
 /usr/libexec/gcc/x86_64-redhat-linux/6.4.1/collect2 -plugin /usr/libexec/gcc/x86_64-redhat-linux/6.4.1/liblto_plugin.so -plugin-opt=/usr/libexec/gcc/x86_64-redhat-linux/6.4.1/lto-wrapper -plugin-opt=-fresolution=/tmp/cc6IzZnb.res -plugin-opt=-pass-through=-lgcc -plugin-opt=-pass-through=-lgcc_s -plugin-opt=-pass-through=-lc -plugin-opt=-pass-through=-lgcc -plugin-opt=-pass-through=-lgcc_s --build-id --no-add-needed --eh-frame-hdr --hash-style=gnu -m elf_x86_64 -export-dynamic -dynamic-linker /lib64/ld-linux-x86-64.so.2 -o cmTC_88c6c /usr/lib/gcc/x86_64-redhat-linux/6.4.1/../../../../lib64/crt1.o /usr/lib/gcc/x86_64-redhat-linux/6.4.1/../../../../lib64/crti.o /usr/lib/gcc/x86_64-redhat-linux/6.4.1/crtbegin.o -L/usr/lib/gcc/x86_64-redhat-linux/6.4.1 -L/usr/lib/gcc/x86_64-redhat-linux/6.4.1/../../../../lib64 -L/lib/../lib64 -L/usr/lib/../lib64 -L/usr/lib/gcc/x86_64-redhat-linux/6.4.1/../../.. CMakeFiles/cmTC_88c6c.dir/CMakeCCompilerABI.c.o -lgcc --as-needed -lgcc_s --no-as-needed -lc -lgcc --as-needed -lgcc_s --no-as-needed /usr/lib/gcc/x86_64-redhat-linux/6.4.1/crtend.o /usr/lib/gcc/x86_64-redhat-linux/6.4.1/../../../../lib64/crtn.o
COLLECT_GCC_OPTIONS='-v' '-rdynamic' '-o' 'cmTC_88c6c' '-mtune=generic' '-march=x86-64'
gmake[1] : on quitte le répertoire « /home/LOCAL.ISIMA.FR/yonidabrah/Documents/MODL/TP/cpp-labs/TP3/tp_3/build/CMakeFiles/CMakeTmp »


Parsed C implicit link information from above output:
  link line regex: [^( *|.*[/\])(ld|CMAKE_LINK_STARTFILE-NOTFOUND|([^/\]+-)?ld|collect2)[^/\]*( |$)]
  ignore line: [Change Dir: /home/LOCAL.ISIMA.FR/yonidabrah/Documents/MODL/TP/cpp-labs/TP3/tp_3/build/CMakeFiles/CMakeTmp]
  ignore line: []
  ignore line: [Run Build Command:"/usr/bin/gmake" "cmTC_88c6c/fast"]
  ignore line: [/usr/bin/gmake -f CMakeFiles/cmTC_88c6c.dir/build.make CMakeFiles/cmTC_88c6c.dir/build]
  ignore line: [gmake[1] : on entre dans le répertoire « /home/LOCAL.ISIMA.FR/yonidabrah/Documents/MODL/TP/cpp-labs/TP3/tp_3/build/CMakeFiles/CMakeTmp »]
  ignore line: [Building C object CMakeFiles/cmTC_88c6c.dir/CMakeCCompilerABI.c.o]
  ignore line: [/usr/lib64/ccache/cc    -o CMakeFiles/cmTC_88c6c.dir/CMakeCCompilerABI.c.o   -c /usr/share/cmake/Modules/CMakeCCompilerABI.c]
  ignore line: [Linking C executable cmTC_88c6c]
  ignore line: [/usr/bin/cmake -E cmake_link_script CMakeFiles/cmTC_88c6c.dir/link.txt --verbose=1]
  ignore line: [/usr/lib64/ccache/cc     -v -rdynamic CMakeFiles/cmTC_88c6c.dir/CMakeCCompilerABI.c.o  -o cmTC_88c6c ]
  ignore line: [Utilisation des specs internes.]
  ignore line: [COLLECT_GCC=/usr/bin/cc]
  ignore line: [COLLECT_LTO_WRAPPER=/usr/libexec/gcc/x86_64-redhat-linux/6.4.1/lto-wrapper]
  ignore line: [Cible : x86_64-redhat-linux]
  ignore line: [Configuré avec: ../configure --enable-bootstrap --enable-languages=c,c++,objc,obj-c++,fortran,ada,go,lto --prefix=/usr --mandir=/usr/share/man --infodir=/usr/share/info --with-bugurl=http://bugzilla.redhat.com/bugzilla --enable-shared --enable-threads=posix --enable-checking=release --enable-multilib --with-system-zlib --enable-__cxa_atexit --disable-libunwind-exceptions --enable-gnu-unique-object --enable-linker-build-id --with-linker-hash-style=gnu --enable-plugin --enable-initfini-array --disable-libgcj --with-isl --enable-libmpx --enable-gnu-indirect-function --with-tune=generic --with-arch_32=i686 --build=x86_64-redhat-linux]
  ignore line: [Modèle de thread: posix]
  ignore line: [gcc version 6.4.1 20170727 (Red Hat 6.4.1-1) (GCC) ]
  ignore line: [COMPILER_PATH=/usr/libexec/gcc/x86_64-redhat-linux/6.4.1/:/usr/libexec/gcc/x86_64-redhat-linux/6.4.1/:/usr/libexec/gcc/x86_64-redhat-linux/:/usr/lib/gcc/x86_64-redhat-linux/6.4.1/:/usr/lib/gcc/x86_64-redhat-linux/]
  ignore line: [LIBRARY_PATH=/usr/lib/gcc/x86_64-redhat-linux/6.4.1/:/usr/lib/gcc/x86_64-redhat-linux/6.4.1/../../../../lib64/:/lib/../lib64/:/usr/lib/../lib64/:/usr/lib/gcc/x86_64-redhat-linux/6.4.1/../../../:/lib/:/usr/lib/]
  ignore line: [COLLECT_GCC_OPTIONS='-v' '-rdynamic' '-o' 'cmTC_88c6c' '-mtune=generic' '-march=x86-64']
  link line: [ /usr/libexec/gcc/x86_64-redhat-linux/6.4.1/collect2 -plugin /usr/libexec/gcc/x86_64-redhat-linux/6.4.1/liblto_plugin.so -plugin-opt=/usr/libexec/gcc/x86_64-redhat-linux/6.4.1/lto-wrapper -plugin-opt=-fresolution=/tmp/cc6IzZnb.res -plugin-opt=-pass-through=-lgcc -plugin-opt=-pass-through=-lgcc_s -plugin-opt=-pass-through=-lc -plugin-opt=-pass-through=-lgcc -plugin-opt=-pass-through=-lgcc_s --build-id --no-add-needed --eh-frame-hdr --hash-style=gnu -m elf_x86_64 -export-dynamic -dynamic-linker /lib64/ld-linux-x86-64.so.2 -o cmTC_88c6c /usr/lib/gcc/x86_64-redhat-linux/6.4.1/../../../../lib64/crt1.o /usr/lib/gcc/x86_64-redhat-linux/6.4.1/../../../../lib64/crti.o /usr/lib/gcc/x86_64-redhat-linux/6.4.1/crtbegin.o -L/usr/lib/gcc/x86_64-redhat-linux/6.4.1 -L/usr/lib/gcc/x86_64-redhat-linux/6.4.1/../../../../lib64 -L/lib/../lib64 -L/usr/lib/../lib64 -L/usr/lib/gcc/x86_64-redhat-linux/6.4.1/../../.. CMakeFiles/cmTC_88c6c.dir/CMakeCCompilerABI.c.o -lgcc --as-needed -lgcc_s --no-as-needed -lc -lgcc --as-needed -lgcc_s --no-as-needed /usr/lib/gcc/x86_64-redhat-linux/6.4.1/crtend.o /usr/lib/gcc/x86_64-redhat-linux/6.4.1/../../../../lib64/crtn.o]
    arg [/usr/libexec/gcc/x86_64-redhat-linux/6.4.1/collect2] ==> ignore
    arg [-plugin] ==> ignore
    arg [/usr/libexec/gcc/x86_64-redhat-linux/6.4.1/liblto_plugin.so] ==> ignore
    arg [-plugin-opt=/usr/libexec/gcc/x86_64-redhat-linux/6.4.1/lto-wrapper] ==> ignore
    arg [-plugin-opt=-fresolution=/tmp/cc6IzZnb.res] ==> ignore
    arg [-plugin-opt=-pass-through=-lgcc] ==> ignore
    arg [-plugin-opt=-pass-through=-lgcc_s] ==> ignore
    arg [-plugin-opt=-pass-through=-lc] ==> ignore
    arg [-plugin-opt=-pass-through=-lgcc] ==> ignore
    arg [-plugin-opt=-pass-through=-lgcc_s] ==> ignore
    arg [--build-id] ==> ignore
    arg [--no-add-needed] ==> ignore
    arg [--eh-frame-hdr] ==> ignore
    arg [--hash-style=gnu] ==> ignore
    arg [-m] ==> ignore
    arg [elf_x86_64] ==> ignore
    arg [-export-dynamic] ==> ignore
    arg [-dynamic-linker] ==> ignore
    arg [/lib64/ld-linux-x86-64.so.2] ==> ignore
    arg [-o] ==> ignore
    arg [cmTC_88c6c] ==> ignore
    arg [/usr/lib/gcc/x86_64-redhat-linux/6.4.1/../../../../lib64/crt1.o] ==> ignore
    arg [/usr/lib/gcc/x86_64-redhat-linux/6.4.1/../../../../lib64/crti.o] ==> ignore
    arg [/usr/lib/gcc/x86_64-redhat-linux/6.4.1/crtbegin.o] ==> ignore
    arg [-L/usr/lib/gcc/x86_64-redhat-linux/6.4.1] ==> dir [/usr/lib/gcc/x86_64-redhat-linux/6.4.1]
    arg [-L/usr/lib/gcc/x86_64-redhat-linux/6.4.1/../../../../lib64] ==> dir [/usr/lib/gcc/x86_64-redhat-linux/6.4.1/../../../../lib64]
    arg [-L/lib/../lib64] ==> dir [/lib/../lib64]
    arg [-L/usr/lib/../lib64] ==> dir [/usr/lib/../lib64]
    arg [-L/usr/lib/gcc/x86_64-redhat-linux/6.4.1/../../..] ==> dir [/usr/lib/gcc/x86_64-redhat-linux/6.4.1/../../..]
    arg [CMakeFiles/cmTC_88c6c.dir/CMakeCCompilerABI.c.o] ==> ignore
    arg [-lgcc] ==> lib [gcc]
    arg [--as-needed] ==> ignore
    arg [-lgcc_s] ==> lib [gcc_s]
    arg [--no-as-needed] ==> ignore
    arg [-lc] ==> lib [c]
    arg [-lgcc] ==> lib [gcc]
    arg [--as-needed] ==> ignore
    arg [-lgcc_s] ==> lib [gcc_s]
    arg [--no-as-needed] ==> ignore
    arg [/usr/lib/gcc/x86_64-redhat-linux/6.4.1/crtend.o] ==> ignore
    arg [/usr/lib/gcc/x86_64-redhat-linux/6.4.1/../../../../lib64/crtn.o] ==> ignore
  collapse library dir [/usr/lib/gcc/x86_64-redhat-linux/6.4.1] ==> [/usr/lib/gcc/x86_64-redhat-linux/6.4.1]
  collapse library dir [/usr/lib/gcc/x86_64-redhat-linux/6.4.1/../../../../lib64] ==> [/usr/lib64]
  collapse library dir [/lib/../lib64] ==> [/lib64]
  collapse library dir [/usr/lib/../lib64] ==> [/usr/lib64]
  collapse library dir [/usr/lib/gcc/x86_64-redhat-linux/6.4.1/../../..] ==> [/usr/lib]
  implicit libs: [gcc;gcc_s;c;gcc;gcc_s]
  implicit dirs: [/usr/lib/gcc/x86_64-redhat-linux/6.4.1;/usr/lib64;/lib64;/usr/lib]
  implicit fwks: []




Detecting C [-std=c11] compiler features compiled with the following output:
Change Dir: /home/LOCAL.ISIMA.FR/yonidabrah/Documents/MODL/TP/cpp-labs/TP3/tp_3/build/CMakeFiles/CMakeTmp

Run Build Command:"/usr/bin/gmake" "cmTC_c3b14/fast"
/usr/bin/gmake -f CMakeFiles/cmTC_c3b14.dir/build.make CMakeFiles/cmTC_c3b14.dir/build
gmake[1] : on entre dans le répertoire « /home/LOCAL.ISIMA.FR/yonidabrah/Documents/MODL/TP/cpp-labs/TP3/tp_3/build/CMakeFiles/CMakeTmp »
Building C object CMakeFiles/cmTC_c3b14.dir/feature_tests.c.o
/usr/lib64/ccache/cc   -std=c11 -o CMakeFiles/cmTC_c3b14.dir/feature_tests.c.o   -c /home/LOCAL.ISIMA.FR/yonidabrah/Documents/MODL/TP/cpp-labs/TP3/tp_3/build/CMakeFiles/feature_tests.c
Linking C executable cmTC_c3b14
/usr/bin/cmake -E cmake_link_script CMakeFiles/cmTC_c3b14.dir/link.txt --verbose=1
/usr/lib64/ccache/cc      -rdynamic CMakeFiles/cmTC_c3b14.dir/feature_tests.c.o  -o cmTC_c3b14 
gmake[1] : on quitte le répertoire « /home/LOCAL.ISIMA.FR/yonidabrah/Documents/MODL/TP/cpp-labs/TP3/tp_3/build/CMakeFiles/CMakeTmp »


    Feature record: C_FEATURE:1c_function_prototypes
    Feature record: C_FEATURE:1c_restrict
    Feature record: C_FEATURE:1c_static_assert
    Feature record: C_FEATURE:1c_variadic_macros


Detecting C [-std=c99] compiler features compiled with the following output:
Change Dir: /home/LOCAL.ISIMA.FR/yonidabrah/Documents/MODL/TP/cpp-labs/TP3/tp_3/build/CMakeFiles/CMakeTmp

Run Build Command:"/usr/bin/gmake" "cmTC_fbece/fast"
/usr/bin/gmake -f CMakeFiles/cmTC_fbece.dir/build.make CMakeFiles/cmTC_fbece.dir/build
gmake[1] : on entre dans le répertoire « /home/LOCAL.ISIMA.FR/yonidabrah/Documents/MODL/TP/cpp-labs/TP3/tp_3/build/CMakeFiles/CMakeTmp »
Building C object CMakeFiles/cmTC_fbece.dir/feature_tests.c.o
/usr/lib64/ccache/cc   -std=c99 -o CMakeFiles/cmTC_fbece.dir/feature_tests.c.o   -c /home/LOCAL.ISIMA.FR/yonidabrah/Documents/MODL/TP/cpp-labs/TP3/tp_3/build/CMakeFiles/feature_tests.c
Linking C executable cmTC_fbece
/usr/bin/cmake -E cmake_link_script CMakeFiles/cmTC_fbece.dir/link.txt --verbose=1
/usr/lib64/ccache/cc      -rdynamic CMakeFiles/cmTC_fbece.dir/feature_tests.c.o  -o cmTC_fbece 
gmake[1] : on quitte le répertoire « /home/LOCAL.ISIMA.FR/yonidabrah/Documents/MODL/TP/cpp-labs/TP3/tp_3/build/CMakeFiles/CMakeTmp »


    Feature record: C_FEATURE:1c_function_prototypes
    Feature record: C_FEATURE:1c_restrict
    Feature record: C_FEATURE:0c_static_assert
    Feature record: C_FEATURE:1c_variadic_macros


Detecting C [-std=c90] compiler features compiled with the following output:
Change Dir: /home/LOCAL.ISIMA.FR/yonidabrah/Documents/MODL/TP/cpp-labs/TP3/tp_3/build/CMakeFiles/CMakeTmp

Run Build Command:"/usr/bin/gmake" "cmTC_71ae0/fast"
/usr/bin/gmake -f CMakeFiles/cmTC_71ae0.dir/build.make CMakeFiles/cmTC_71ae0.dir/build
gmake[1] : on entre dans le répertoire « /home/LOCAL.ISIMA.FR/yonidabrah/Documents/MODL/TP/cpp-labs/TP3/tp_3/build/CMakeFiles/CMakeTmp »
Building C object CMakeFiles/cmTC_71ae0.dir/feature_tests.c.o
/usr/lib64/ccache/cc   -std=c90 -o CMakeFiles/cmTC_71ae0.dir/feature_tests.c.o   -c /home/LOCAL.ISIMA.FR/yonidabrah/Documents/MODL/TP/cpp-labs/TP3/tp_3/build/CMakeFiles/feature_tests.c
Linking C executable cmTC_71ae0
/usr/bin/cmake -E cmake_link_script CMakeFiles/cmTC_71ae0.dir/link.txt --verbose=1
/usr/lib64/ccache/cc      -rdynamic CMakeFiles/cmTC_71ae0.dir/feature_tests.c.o  -o cmTC_71ae0 
gmake[1] : on quitte le répertoire « /home/LOCAL.ISIMA.FR/yonidabrah/Documents/MODL/TP/cpp-labs/TP3/tp_3/build/CMakeFiles/CMakeTmp »


    Feature record: C_FEATURE:1c_function_prototypes
    Feature record: C_FEATURE:0c_restrict
    Feature record: C_FEATURE:0c_static_assert
    Feature record: C_FEATURE:0c_variadic_macros
Determining if the CXX compiler works passed with the following output:
Change Dir: /home/LOCAL.ISIMA.FR/yonidabrah/Documents/MODL/TP/cpp-labs/TP3/tp_3/build/CMakeFiles/CMakeTmp

Run Build Command:"/usr/bin/gmake" "cmTC_2b77a/fast"
/usr/bin/gmake -f CMakeFiles/cmTC_2b77a.dir/build.make CMakeFiles/cmTC_2b77a.dir/build
gmake[1] : on entre dans le répertoire « /home/LOCAL.ISIMA.FR/yonidabrah/Documents/MODL/TP/cpp-labs/TP3/tp_3/build/CMakeFiles/CMakeTmp »
Building CXX object CMakeFiles/cmTC_2b77a.dir/testCXXCompiler.cxx.o
/usr/lib64/ccache/c++     -o CMakeFiles/cmTC_2b77a.dir/testCXXCompiler.cxx.o -c /home/LOCAL.ISIMA.FR/yonidabrah/Documents/MODL/TP/cpp-labs/TP3/tp_3/build/CMakeFiles/CMakeTmp/testCXXCompiler.cxx
Linking CXX executable cmTC_2b77a
/usr/bin/cmake -E cmake_link_script CMakeFiles/cmTC_2b77a.dir/link.txt --verbose=1
/usr/lib64/ccache/c++       -rdynamic CMakeFiles/cmTC_2b77a.dir/testCXXCompiler.cxx.o  -o cmTC_2b77a 
gmake[1] : on quitte le répertoire « /home/LOCAL.ISIMA.FR/yonidabrah/Documents/MODL/TP/cpp-labs/TP3/tp_3/build/CMakeFiles/CMakeTmp »


Detecting CXX compiler ABI info compiled with the following output:
Change Dir: /home/LOCAL.ISIMA.FR/yonidabrah/Documents/MODL/TP/cpp-labs/TP3/tp_3/build/CMakeFiles/CMakeTmp

Run Build Command:"/usr/bin/gmake" "cmTC_b24c8/fast"
/usr/bin/gmake -f CMakeFiles/cmTC_b24c8.dir/build.make CMakeFiles/cmTC_b24c8.dir/build
gmake[1] : on entre dans le répertoire « /home/LOCAL.ISIMA.FR/yonidabrah/Documents/MODL/TP/cpp-labs/TP3/tp_3/build/CMakeFiles/CMakeTmp »
Building CXX object CMakeFiles/cmTC_b24c8.dir/CMakeCXXCompilerABI.cpp.o
/usr/lib64/ccache/c++     -o CMakeFiles/cmTC_b24c8.dir/CMakeCXXCompilerABI.cpp.o -c /usr/share/cmake/Modules/CMakeCXXCompilerABI.cpp
Linking CXX executable cmTC_b24c8
/usr/bin/cmake -E cmake_link_script CMakeFiles/cmTC_b24c8.dir/link.txt --verbose=1
/usr/lib64/ccache/c++      -v -rdynamic CMakeFiles/cmTC_b24c8.dir/CMakeCXXCompilerABI.cpp.o  -o cmTC_b24c8 
Utilisation des specs internes.
COLLECT_GCC=/usr/bin/c++
COLLECT_LTO_WRAPPER=/usr/libexec/gcc/x86_64-redhat-linux/6.4.1/lto-wrapper
Cible : x86_64-redhat-linux
Configuré avec: ../configure --enable-bootstrap --enable-languages=c,c++,objc,obj-c++,fortran,ada,go,lto --prefix=/usr --mandir=/usr/share/man --infodir=/usr/share/info --with-bugurl=http://bugzilla.redhat.com/bugzilla --enable-shared --enable-threads=posix --enable-checking=release --enable-multilib --with-system-zlib --enable-__cxa_atexit --disable-libunwind-exceptions --enable-gnu-unique-object --enable-linker-build-id --with-linker-hash-style=gnu --enable-plugin --enable-initfini-array --disable-libgcj --with-isl --enable-libmpx --enable-gnu-indirect-function --with-tune=generic --with-arch_32=i686 --build=x86_64-redhat-linux
Modèle de thread: posix
gcc version 6.4.1 20170727 (Red Hat 6.4.1-1) (GCC) 
COMPILER_PATH=/usr/libexec/gcc/x86_64-redhat-linux/6.4.1/:/usr/libexec/gcc/x86_64-redhat-linux/6.4.1/:/usr/libexec/gcc/x86_64-redhat-linux/:/usr/lib/gcc/x86_64-redhat-linux/6.4.1/:/usr/lib/gcc/x86_64-redhat-linux/
LIBRARY_PATH=/usr/lib/gcc/x86_64-redhat-linux/6.4.1/:/usr/lib/gcc/x86_64-redhat-linux/6.4.1/../../../../lib64/:/lib/../lib64/:/usr/lib/../lib64/:/usr/lib/gcc/x86_64-redhat-linux/6.4.1/../../../:/lib/:/usr/lib/
COLLECT_GCC_OPTIONS='-v' '-rdynamic' '-o' 'cmTC_b24c8' '-shared-libgcc' '-mtune=generic' '-march=x86-64'
 /usr/libexec/gcc/x86_64-redhat-linux/6.4.1/collect2 -plugin /usr/libexec/gcc/x86_64-redhat-linux/6.4.1/liblto_plugin.so -plugin-opt=/usr/libexec/gcc/x86_64-redhat-linux/6.4.1/lto-wrapper -plugin-opt=-fresolution=/tmp/ccp6wJWX.res -plugin-opt=-pass-through=-lgcc_s -plugin-opt=-pass-through=-lgcc -plugin-opt=-pass-through=-lc -plugin-opt=-pass-through=-lgcc_s -plugin-opt=-pass-through=-lgcc --build-id --no-add-needed --eh-frame-hdr --hash-style=gnu -m elf_x86_64 -export-dynamic -dynamic-linker /lib64/ld-linux-x86-64.so.2 -o cmTC_b24c8 /usr/lib/gcc/x86_64-redhat-linux/6.4.1/../../../../lib64/crt1.o /usr/lib/gcc/x86_64-redhat-linux/6.4.1/../../../../lib64/crti.o /usr/lib/gcc/x86_64-redhat-linux/6.4.1/crtbegin.o -L/usr/lib/gcc/x86_64-redhat-linux/6.4.1 -L/usr/lib/gcc/x86_64-redhat-linux/6.4.1/../../../../lib64 -L/lib/../lib64 -L/usr/lib/../lib64 -L/usr/lib/gcc/x86_64-redhat-linux/6.4.1/../../.. CMakeFiles/cmTC_b24c8.dir/CMakeCXXCompilerABI.cpp.o -lstdc++ -lm -lgcc_s -lgcc -lc -lgcc_s -lgcc /usr/lib/gcc/x86_64-redhat-linux/6.4.1/crtend.o /usr/lib/gcc/x86_64-redhat-linux/6.4.1/../../../../lib64/crtn.o
COLLECT_GCC_OPTIONS='-v' '-rdynamic' '-o' 'cmTC_b24c8' '-shared-libgcc' '-mtune=generic' '-march=x86-64'
gmake[1] : on quitte le répertoire « /home/LOCAL.ISIMA.FR/yonidabrah/Documents/MODL/TP/cpp-labs/TP3/tp_3/build/CMakeFiles/CMakeTmp »


Parsed CXX implicit link information from above output:
  link line regex: [^( *|.*[/\])(ld|CMAKE_LINK_STARTFILE-NOTFOUND|([^/\]+-)?ld|collect2)[^/\]*( |$)]
  ignore line: [Change Dir: /home/LOCAL.ISIMA.FR/yonidabrah/Documents/MODL/TP/cpp-labs/TP3/tp_3/build/CMakeFiles/CMakeTmp]
  ignore line: []
  ignore line: [Run Build Command:"/usr/bin/gmake" "cmTC_b24c8/fast"]
  ignore line: [/usr/bin/gmake -f CMakeFiles/cmTC_b24c8.dir/build.make CMakeFiles/cmTC_b24c8.dir/build]
  ignore line: [gmake[1] : on entre dans le répertoire « /home/LOCAL.ISIMA.FR/yonidabrah/Documents/MODL/TP/cpp-labs/TP3/tp_3/build/CMakeFiles/CMakeTmp »]
  ignore line: [Building CXX object CMakeFiles/cmTC_b24c8.dir/CMakeCXXCompilerABI.cpp.o]
  ignore line: [/usr/lib64/ccache/c++     -o CMakeFiles/cmTC_b24c8.dir/CMakeCXXCompilerABI.cpp.o -c /usr/share/cmake/Modules/CMakeCXXCompilerABI.cpp]
  ignore line: [Linking CXX executable cmTC_b24c8]
  ignore line: [/usr/bin/cmake -E cmake_link_script CMakeFiles/cmTC_b24c8.dir/link.txt --verbose=1]
  ignore line: [/usr/lib64/ccache/c++      -v -rdynamic CMakeFiles/cmTC_b24c8.dir/CMakeCXXCompilerABI.cpp.o  -o cmTC_b24c8 ]
  ignore line: [Utilisation des specs internes.]
  ignore line: [COLLECT_GCC=/usr/bin/c++]
  ignore line: [COLLECT_LTO_WRAPPER=/usr/libexec/gcc/x86_64-redhat-linux/6.4.1/lto-wrapper]
  ignore line: [Cible : x86_64-redhat-linux]
  ignore line: [Configuré avec: ../configure --enable-bootstrap --enable-languages=c,c++,objc,obj-c++,fortran,ada,go,lto --prefix=/usr --mandir=/usr/share/man --infodir=/usr/share/info --with-bugurl=http://bugzilla.redhat.com/bugzilla --enable-shared --enable-threads=posix --enable-checking=release --enable-multilib --with-system-zlib --enable-__cxa_atexit --disable-libunwind-exceptions --enable-gnu-unique-object --enable-linker-build-id --with-linker-hash-style=gnu --enable-plugin --enable-initfini-array --disable-libgcj --with-isl --enable-libmpx --enable-gnu-indirect-function --with-tune=generic --with-arch_32=i686 --build=x86_64-redhat-linux]
  ignore line: [Modèle de thread: posix]
  ignore line: [gcc version 6.4.1 20170727 (Red Hat 6.4.1-1) (GCC) ]
  ignore line: [COMPILER_PATH=/usr/libexec/gcc/x86_64-redhat-linux/6.4.1/:/usr/libexec/gcc/x86_64-redhat-linux/6.4.1/:/usr/libexec/gcc/x86_64-redhat-linux/:/usr/lib/gcc/x86_64-redhat-linux/6.4.1/:/usr/lib/gcc/x86_64-redhat-linux/]
  ignore line: [LIBRARY_PATH=/usr/lib/gcc/x86_64-redhat-linux/6.4.1/:/usr/lib/gcc/x86_64-redhat-linux/6.4.1/../../../../lib64/:/lib/../lib64/:/usr/lib/../lib64/:/usr/lib/gcc/x86_64-redhat-linux/6.4.1/../../../:/lib/:/usr/lib/]
  ignore line: [COLLECT_GCC_OPTIONS='-v' '-rdynamic' '-o' 'cmTC_b24c8' '-shared-libgcc' '-mtune=generic' '-march=x86-64']
  link line: [ /usr/libexec/gcc/x86_64-redhat-linux/6.4.1/collect2 -plugin /usr/libexec/gcc/x86_64-redhat-linux/6.4.1/liblto_plugin.so -plugin-opt=/usr/libexec/gcc/x86_64-redhat-linux/6.4.1/lto-wrapper -plugin-opt=-fresolution=/tmp/ccp6wJWX.res -plugin-opt=-pass-through=-lgcc_s -plugin-opt=-pass-through=-lgcc -plugin-opt=-pass-through=-lc -plugin-opt=-pass-through=-lgcc_s -plugin-opt=-pass-through=-lgcc --build-id --no-add-needed --eh-frame-hdr --hash-style=gnu -m elf_x86_64 -export-dynamic -dynamic-linker /lib64/ld-linux-x86-64.so.2 -o cmTC_b24c8 /usr/lib/gcc/x86_64-redhat-linux/6.4.1/../../../../lib64/crt1.o /usr/lib/gcc/x86_64-redhat-linux/6.4.1/../../../../lib64/crti.o /usr/lib/gcc/x86_64-redhat-linux/6.4.1/crtbegin.o -L/usr/lib/gcc/x86_64-redhat-linux/6.4.1 -L/usr/lib/gcc/x86_64-redhat-linux/6.4.1/../../../../lib64 -L/lib/../lib64 -L/usr/lib/../lib64 -L/usr/lib/gcc/x86_64-redhat-linux/6.4.1/../../.. CMakeFiles/cmTC_b24c8.dir/CMakeCXXCompilerABI.cpp.o -lstdc++ -lm -lgcc_s -lgcc -lc -lgcc_s -lgcc /usr/lib/gcc/x86_64-redhat-linux/6.4.1/crtend.o /usr/lib/gcc/x86_64-redhat-linux/6.4.1/../../../../lib64/crtn.o]
    arg [/usr/libexec/gcc/x86_64-redhat-linux/6.4.1/collect2] ==> ignore
    arg [-plugin] ==> ignore
    arg [/usr/libexec/gcc/x86_64-redhat-linux/6.4.1/liblto_plugin.so] ==> ignore
    arg [-plugin-opt=/usr/libexec/gcc/x86_64-redhat-linux/6.4.1/lto-wrapper] ==> ignore
    arg [-plugin-opt=-fresolution=/tmp/ccp6wJWX.res] ==> ignore
    arg [-plugin-opt=-pass-through=-lgcc_s] ==> ignore
    arg [-plugin-opt=-pass-through=-lgcc] ==> ignore
    arg [-plugin-opt=-pass-through=-lc] ==> ignore
    arg [-plugin-opt=-pass-through=-lgcc_s] ==> ignore
    arg [-plugin-opt=-pass-through=-lgcc] ==> ignore
    arg [--build-id] ==> ignore
    arg [--no-add-needed] ==> ignore
    arg [--eh-frame-hdr] ==> ignore
    arg [--hash-style=gnu] ==> ignore
    arg [-m] ==> ignore
    arg [elf_x86_64] ==> ignore
    arg [-export-dynamic] ==> ignore
    arg [-dynamic-linker] ==> ignore
    arg [/lib64/ld-linux-x86-64.so.2] ==> ignore
    arg [-o] ==> ignore
    arg [cmTC_b24c8] ==> ignore
    arg [/usr/lib/gcc/x86_64-redhat-linux/6.4.1/../../../../lib64/crt1.o] ==> ignore
    arg [/usr/lib/gcc/x86_64-redhat-linux/6.4.1/../../../../lib64/crti.o] ==> ignore
    arg [/usr/lib/gcc/x86_64-redhat-linux/6.4.1/crtbegin.o] ==> ignore
    arg [-L/usr/lib/gcc/x86_64-redhat-linux/6.4.1] ==> dir [/usr/lib/gcc/x86_64-redhat-linux/6.4.1]
    arg [-L/usr/lib/gcc/x86_64-redhat-linux/6.4.1/../../../../lib64] ==> dir [/usr/lib/gcc/x86_64-redhat-linux/6.4.1/../../../../lib64]
    arg [-L/lib/../lib64] ==> dir [/lib/../lib64]
    arg [-L/usr/lib/../lib64] ==> dir [/usr/lib/../lib64]
    arg [-L/usr/lib/gcc/x86_64-redhat-linux/6.4.1/../../..] ==> dir [/usr/lib/gcc/x86_64-redhat-linux/6.4.1/../../..]
    arg [CMakeFiles/cmTC_b24c8.dir/CMakeCXXCompilerABI.cpp.o] ==> ignore
    arg [-lstdc++] ==> lib [stdc++]
    arg [-lm] ==> lib [m]
    arg [-lgcc_s] ==> lib [gcc_s]
    arg [-lgcc] ==> lib [gcc]
    arg [-lc] ==> lib [c]
    arg [-lgcc_s] ==> lib [gcc_s]
    arg [-lgcc] ==> lib [gcc]
    arg [/usr/lib/gcc/x86_64-redhat-linux/6.4.1/crtend.o] ==> ignore
    arg [/usr/lib/gcc/x86_64-redhat-linux/6.4.1/../../../../lib64/crtn.o] ==> ignore
  collapse library dir [/usr/lib/gcc/x86_64-redhat-linux/6.4.1] ==> [/usr/lib/gcc/x86_64-redhat-linux/6.4.1]
  collapse library dir [/usr/lib/gcc/x86_64-redhat-linux/6.4.1/../../../../lib64] ==> [/usr/lib64]
  collapse library dir [/lib/../lib64] ==> [/lib64]
  collapse library dir [/usr/lib/../lib64] ==> [/usr/lib64]
  collapse library dir [/usr/lib/gcc/x86_64-redhat-linux/6.4.1/../../..] ==> [/usr/lib]
  implicit libs: [stdc++;m;gcc_s;gcc;c;gcc_s;gcc]
  implicit dirs: [/usr/lib/gcc/x86_64-redhat-linux/6.4.1;/usr/lib64;/lib64;/usr/lib]
  implicit fwks: []




Detecting CXX [-std=c++1z] compiler features compiled with the following output:
Change Dir: /home/LOCAL.ISIMA.FR/yonidabrah/Documents/MODL/TP/cpp-labs/TP3/tp_3/build/CMakeFiles/CMakeTmp

Run Build Command:"/usr/bin/gmake" "cmTC_06cc3/fast"
/usr/bin/gmake -f CMakeFiles/cmTC_06cc3.dir/build.make CMakeFiles/cmTC_06cc3.dir/build
gmake[1] : on entre dans le répertoire « /home/LOCAL.ISIMA.FR/yonidabrah/Documents/MODL/TP/cpp-labs/TP3/tp_3/build/CMakeFiles/CMakeTmp »
Building CXX object CMakeFiles/cmTC_06cc3.dir/feature_tests.cxx.o
/usr/lib64/ccache/c++    -std=c++1z -o CMakeFiles/cmTC_06cc3.dir/feature_tests.cxx.o -c /home/LOCAL.ISIMA.FR/yonidabrah/Documents/MODL/TP/cpp-labs/TP3/tp_3/build/CMakeFiles/feature_tests.cxx
Linking CXX executable cmTC_06cc3
/usr/bin/cmake -E cmake_link_script CMakeFiles/cmTC_06cc3.dir/link.txt --verbose=1
/usr/lib64/ccache/c++       -rdynamic CMakeFiles/cmTC_06cc3.dir/feature_tests.cxx.o  -o cmTC_06cc3 
gmake[1] : on quitte le répertoire « /home/LOCAL.ISIMA.FR/yonidabrah/Documents/MODL/TP/cpp-labs/TP3/tp_3/build/CMakeFiles/CMakeTmp »


    Feature record: CXX_FEATURE:1cxx_aggregate_default_initializers
    Feature record: CXX_FEATURE:1cxx_alias_templates
    Feature record: CXX_FEATURE:1cxx_alignas
    Feature record: CXX_FEATURE:1cxx_alignof
    Feature record: CXX_FEATURE:1cxx_attributes
    Feature record: CXX_FEATURE:1cxx_attribute_deprecated
    Feature record: CXX_FEATURE:1cxx_auto_type
    Feature record: CXX_FEATURE:1cxx_binary_literals
    Feature record: CXX_FEATURE:1cxx_constexpr
    Feature record: CXX_FEATURE:1cxx_contextual_conversions
    Feature record: CXX_FEATURE:1cxx_decltype
    Feature record: CXX_FEATURE:1cxx_decltype_auto
    Feature record: CXX_FEATURE:1cxx_decltype_incomplete_return_types
    Feature record: CXX_FEATURE:1cxx_default_function_template_args
    Feature record: CXX_FEATURE:1cxx_defaulted_functions
    Feature record: CXX_FEATURE:1cxx_defaulted_move_initializers
    Feature record: CXX_FEATURE:1cxx_delegating_constructors
    Feature record: CXX_FEATURE:1cxx_deleted_functions
    Feature record: CXX_FEATURE:1cxx_digit_separators
    Feature record: CXX_FEATURE:1cxx_enum_forward_declarations
    Feature record: CXX_FEATURE:1cxx_explicit_conversions
    Feature record: CXX_FEATURE:1cxx_extended_friend_declarations
    Feature record: CXX_FEATURE:1cxx_extern_templates
    Feature record: CXX_FEATURE:1cxx_final
    Feature record: CXX_FEATURE:1cxx_func_identifier
    Feature record: CXX_FEATURE:1cxx_generalized_initializers
    Feature record: CXX_FEATURE:1cxx_generic_lambdas
    Feature record: CXX_FEATURE:1cxx_inheriting_constructors
    Feature record: CXX_FEATURE:1cxx_inline_namespaces
    Feature record: CXX_FEATURE:1cxx_lambdas
    Feature record: CXX_FEATURE:1cxx_lambda_init_captures
    Feature record: CXX_FEATURE:1cxx_local_type_template_args
    Feature record: CXX_FEATURE:1cxx_long_long_type
    Feature record: CXX_FEATURE:1cxx_noexcept
    Feature record: CXX_FEATURE:1cxx_nonstatic_member_init
    Feature record: CXX_FEATURE:1cxx_nullptr
    Feature record: CXX_FEATURE:1cxx_override
    Feature record: CXX_FEATURE:1cxx_range_for
    Feature record: CXX_FEATURE:1cxx_raw_string_literals
    Feature record: CXX_FEATURE:1cxx_reference_qualified_functions
    Feature record: CXX_FEATURE:1cxx_relaxed_constexpr
    Feature record: CXX_FEATURE:1cxx_return_type_deduction
    Feature record: CXX_FEATURE:1cxx_right_angle_brackets
    Feature record: CXX_FEATURE:1cxx_rvalue_references
    Feature record: CXX_FEATURE:1cxx_sizeof_member
    Feature record: CXX_FEATURE:1cxx_static_assert
    Feature record: CXX_FEATURE:1cxx_strong_enums
    Feature record: CXX_FEATURE:1cxx_template_template_parameters
    Feature record: CXX_FEATURE:1cxx_thread_local
    Feature record: CXX_FEATURE:1cxx_trailing_return_types
    Feature record: CXX_FEATURE:1cxx_unicode_literals
    Feature record: CXX_FEATURE:1cxx_uniform_initialization
    Feature record: CXX_FEATURE:1cxx_unrestricted_unions
    Feature record: CXX_FEATURE:1cxx_user_literals
    Feature record: CXX_FEATURE:1cxx_variable_templates
    Feature record: CXX_FEATURE:1cxx_variadic_macros
    Feature record: CXX_FEATURE:1cxx_variadic_templates


Detecting CXX [-std=c++14] compiler features compiled with the following output:
Change Dir: /home/LOCAL.ISIMA.FR/yonidabrah/Documents/MODL/TP/cpp-labs/TP3/tp_3/build/CMakeFiles/CMakeTmp

Run Build Command:"/usr/bin/gmake" "cmTC_b31ff/fast"
/usr/bin/gmake -f CMakeFiles/cmTC_b31ff.dir/build.make CMakeFiles/cmTC_b31ff.dir/build
gmake[1] : on entre dans le répertoire « /home/LOCAL.ISIMA.FR/yonidabrah/Documents/MODL/TP/cpp-labs/TP3/tp_3/build/CMakeFiles/CMakeTmp »
Building CXX object CMakeFiles/cmTC_b31ff.dir/feature_tests.cxx.o
/usr/lib64/ccache/c++    -std=c++14 -o CMakeFiles/cmTC_b31ff.dir/feature_tests.cxx.o -c /home/LOCAL.ISIMA.FR/yonidabrah/Documents/MODL/TP/cpp-labs/TP3/tp_3/build/CMakeFiles/feature_tests.cxx
Linking CXX executable cmTC_b31ff
/usr/bin/cmake -E cmake_link_script CMakeFiles/cmTC_b31ff.dir/link.txt --verbose=1
/usr/lib64/ccache/c++       -rdynamic CMakeFiles/cmTC_b31ff.dir/feature_tests.cxx.o  -o cmTC_b31ff 
gmake[1] : on quitte le répertoire « /home/LOCAL.ISIMA.FR/yonidabrah/Documents/MODL/TP/cpp-labs/TP3/tp_3/build/CMakeFiles/CMakeTmp »


    Feature record: CXX_FEATURE:1cxx_aggregate_default_initializers
    Feature record: CXX_FEATURE:1cxx_alias_templates
    Feature record: CXX_FEATURE:1cxx_alignas
    Feature record: CXX_FEATURE:1cxx_alignof
    Feature record: CXX_FEATURE:1cxx_attributes
    Feature record: CXX_FEATURE:1cxx_attribute_deprecated
    Feature record: CXX_FEATURE:1cxx_auto_type
    Feature record: CXX_FEATURE:1cxx_binary_literals
    Feature record: CXX_FEATURE:1cxx_constexpr
    Feature record: CXX_FEATURE:1cxx_contextual_conversions
    Feature record: CXX_FEATURE:1cxx_decltype
    Feature record: CXX_FEATURE:1cxx_decltype_auto
    Feature record: CXX_FEATURE:1cxx_decltype_incomplete_return_types
    Feature record: CXX_FEATURE:1cxx_default_function_template_args
    Feature record: CXX_FEATURE:1cxx_defaulted_functions
    Feature record: CXX_FEATURE:1cxx_defaulted_move_initializers
    Feature record: CXX_FEATURE:1cxx_delegating_constructors
    Feature record: CXX_FEATURE:1cxx_deleted_functions
    Feature record: CXX_FEATURE:1cxx_digit_separators
    Feature record: CXX_FEATURE:1cxx_enum_forward_declarations
    Feature record: CXX_FEATURE:1cxx_explicit_conversions
    Feature record: CXX_FEATURE:1cxx_extended_friend_declarations
    Feature record: CXX_FEATURE:1cxx_extern_templates
    Feature record: CXX_FEATURE:1cxx_final
    Feature record: CXX_FEATURE:1cxx_func_identifier
    Feature record: CXX_FEATURE:1cxx_generalized_initializers
    Feature record: CXX_FEATURE:1cxx_generic_lambdas
    Feature record: CXX_FEATURE:1cxx_inheriting_constructors
    Feature record: CXX_FEATURE:1cxx_inline_namespaces
    Feature record: CXX_FEATURE:1cxx_lambdas
    Feature record: CXX_FEATURE:1cxx_lambda_init_captures
    Feature record: CXX_FEATURE:1cxx_local_type_template_args
    Feature record: CXX_FEATURE:1cxx_long_long_type
    Feature record: CXX_FEATURE:1cxx_noexcept
    Feature record: CXX_FEATURE:1cxx_nonstatic_member_init
    Feature record: CXX_FEATURE:1cxx_nullptr
    Feature record: CXX_FEATURE:1cxx_override
    Feature record: CXX_FEATURE:1cxx_range_for
    Feature record: CXX_FEATURE:1cxx_raw_string_literals
    Feature record: CXX_FEATURE:1cxx_reference_qualified_functions
    Feature record: CXX_FEATURE:1cxx_relaxed_constexpr
    Feature record: CXX_FEATURE:1cxx_return_type_deduction
    Feature record: CXX_FEATURE:1cxx_right_angle_brackets
    Feature record: CXX_FEATURE:1cxx_rvalue_references
    Feature record: CXX_FEATURE:1cxx_sizeof_member
    Feature record: CXX_FEATURE:1cxx_static_assert
    Feature record: CXX_FEATURE:1cxx_strong_enums
    Feature record: CXX_FEATURE:1cxx_template_template_parameters
    Feature record: CXX_FEATURE:1cxx_thread_local
    Feature record: CXX_FEATURE:1cxx_trailing_return_types
    Feature record: CXX_FEATURE:1cxx_unicode_literals
    Feature record: CXX_FEATURE:1cxx_uniform_initialization
    Feature record: CXX_FEATURE:1cxx_unrestricted_unions
    Feature record: CXX_FEATURE:1cxx_user_literals
    Feature record: CXX_FEATURE:1cxx_variable_templates
    Feature record: CXX_FEATURE:1cxx_variadic_macros
    Feature record: CXX_FEATURE:1cxx_variadic_templates


Detecting CXX [-std=c++11] compiler features compiled with the following output:
Change Dir: /home/LOCAL.ISIMA.FR/yonidabrah/Documents/MODL/TP/cpp-labs/TP3/tp_3/build/CMakeFiles/CMakeTmp

Run Build Command:"/usr/bin/gmake" "cmTC_35f50/fast"
/usr/bin/gmake -f CMakeFiles/cmTC_35f50.dir/build.make CMakeFiles/cmTC_35f50.dir/build
gmake[1] : on entre dans le répertoire « /home/LOCAL.ISIMA.FR/yonidabrah/Documents/MODL/TP/cpp-labs/TP3/tp_3/build/CMakeFiles/CMakeTmp »
Building CXX object CMakeFiles/cmTC_35f50.dir/feature_tests.cxx.o
/usr/lib64/ccache/c++    -std=c++11 -o CMakeFiles/cmTC_35f50.dir/feature_tests.cxx.o -c /home/LOCAL.ISIMA.FR/yonidabrah/Documents/MODL/TP/cpp-labs/TP3/tp_3/build/CMakeFiles/feature_tests.cxx
Linking CXX executable cmTC_35f50
/usr/bin/cmake -E cmake_link_script CMakeFiles/cmTC_35f50.dir/link.txt --verbose=1
/usr/lib64/ccache/c++       -rdynamic CMakeFiles/cmTC_35f50.dir/feature_tests.cxx.o  -o cmTC_35f50 
gmake[1] : on quitte le répertoire « /home/LOCAL.ISIMA.FR/yonidabrah/Documents/MODL/TP/cpp-labs/TP3/tp_3/build/CMakeFiles/CMakeTmp »


    Feature record: CXX_FEATURE:0cxx_aggregate_default_initializers
    Feature record: CXX_FEATURE:1cxx_alias_templates
    Feature record: CXX_FEATURE:1cxx_alignas
    Feature record: CXX_FEATURE:1cxx_alignof
    Feature record: CXX_FEATURE:1cxx_attributes
    Feature record: CXX_FEATURE:0cxx_attribute_deprecated
    Feature record: CXX_FEATURE:1cxx_auto_type
    Feature record: CXX_FEATURE:0cxx_binary_literals
    Feature record: CXX_FEATURE:1cxx_constexpr
    Feature record: CXX_FEATURE:0cxx_contextual_conversions
    Feature record: CXX_FEATURE:1cxx_decltype
    Feature record: CXX_FEATURE:0cxx_decltype_auto
    Feature record: CXX_FEATURE:1cxx_decltype_incomplete_return_types
    Feature record: CXX_FEATURE:1cxx_default_function_template_args
    Feature record: CXX_FEATURE:1cxx_defaulted_functions
    Feature record: CXX_FEATURE:1cxx_defaulted_move_initializers
    Feature record: CXX_FEATURE:1cxx_delegating_constructors
    Feature record: CXX_FEATURE:1cxx_deleted_functions
    Feature record: CXX_FEATURE:0cxx_digit_separators
    Feature record: CXX_FEATURE:1cxx_enum_forward_declarations
    Feature record: CXX_FEATURE:1cxx_explicit_conversions
    Feature record: CXX_FEATURE:1cxx_extended_friend_declarations
    Feature record: CXX_FEATURE:1cxx_extern_templates
    Feature record: CXX_FEATURE:1cxx_final
    Feature record: CXX_FEATURE:1cxx_func_identifier
    Feature record: CXX_FEATURE:1cxx_generalized_initializers
    Feature record: CXX_FEATURE:0cxx_generic_lambdas
    Feature record: CXX_FEATURE:1cxx_inheriting_constructors
    Feature record: CXX_FEATURE:1cxx_inline_namespaces
    Feature record: CXX_FEATURE:1cxx_lambdas
    Feature record: CXX_FEATURE:0cxx_lambda_init_captures
    Feature record: CXX_FEATURE:1cxx_local_type_template_args
    Feature record: CXX_FEATURE:1cxx_long_long_type
    Feature record: CXX_FEATURE:1cxx_noexcept
    Feature record: CXX_FEATURE:1cxx_nonstatic_member_init
    Feature record: CXX_FEATURE:1cxx_nullptr
    Feature record: CXX_FEATURE:1cxx_override
    Feature record: CXX_FEATURE:1cxx_range_for
    Feature record: CXX_FEATURE:1cxx_raw_string_literals
    Feature record: CXX_FEATURE:1cxx_reference_qualified_functions
    Feature record: CXX_FEATURE:0cxx_relaxed_constexpr
    Feature record: CXX_FEATURE:0cxx_return_type_deduction
    Feature record: CXX_FEATURE:1cxx_right_angle_brackets
    Feature record: CXX_FEATURE:1cxx_rvalue_references
    Feature record: CXX_FEATURE:1cxx_sizeof_member
    Feature record: CXX_FEATURE:1cxx_static_assert
    Feature record: CXX_FEATURE:1cxx_strong_enums
    Feature record: CXX_FEATURE:1cxx_template_template_parameters
    Feature record: CXX_FEATURE:1cxx_thread_local
    Feature record: CXX_FEATURE:1cxx_trailing_return_types
    Feature record: CXX_FEATURE:1cxx_unicode_literals
    Feature record: CXX_FEATURE:1cxx_uniform_initialization
    Feature record: CXX_FEATURE:1cxx_unrestricted_unions
    Feature record: CXX_FEATURE:1cxx_user_literals
    Feature record: CXX_FEATURE:0cxx_variable_templates
    Feature record: CXX_FEATURE:1cxx_variadic_macros
    Feature record: CXX_FEATURE:1cxx_variadic_templates


Detecting CXX [-std=c++98] compiler features compiled with the following output:
Change Dir: /home/LOCAL.ISIMA.FR/yonidabrah/Documents/MODL/TP/cpp-labs/TP3/tp_3/build/CMakeFiles/CMakeTmp

Run Build Command:"/usr/bin/gmake" "cmTC_24606/fast"
/usr/bin/gmake -f CMakeFiles/cmTC_24606.dir/build.make CMakeFiles/cmTC_24606.dir/build
gmake[1] : on entre dans le répertoire « /home/LOCAL.ISIMA.FR/yonidabrah/Documents/MODL/TP/cpp-labs/TP3/tp_3/build/CMakeFiles/CMakeTmp »
Building CXX object CMakeFiles/cmTC_24606.dir/feature_tests.cxx.o
/usr/lib64/ccache/c++    -std=c++98 -o CMakeFiles/cmTC_24606.dir/feature_tests.cxx.o -c /home/LOCAL.ISIMA.FR/yonidabrah/Documents/MODL/TP/cpp-labs/TP3/tp_3/build/CMakeFiles/feature_tests.cxx
Linking CXX executable cmTC_24606
/usr/bin/cmake -E cmake_link_script CMakeFiles/cmTC_24606.dir/link.txt --verbose=1
/usr/lib64/ccache/c++       -rdynamic CMakeFiles/cmTC_24606.dir/feature_tests.cxx.o  -o cmTC_24606 
gmake[1] : on quitte le répertoire « /home/LOCAL.ISIMA.FR/yonidabrah/Documents/MODL/TP/cpp-labs/TP3/tp_3/build/CMakeFiles/CMakeTmp »


    Feature record: CXX_FEATURE:0cxx_aggregate_default_initializers
    Feature record: CXX_FEATURE:0cxx_alias_templates
    Feature record: CXX_FEATURE:0cxx_alignas
    Feature record: CXX_FEATURE:0cxx_alignof
    Feature record: CXX_FEATURE:0cxx_attributes
    Feature record: CXX_FEATURE:0cxx_attribute_deprecated
    Feature record: CXX_FEATURE:0cxx_auto_type
    Feature record: CXX_FEATURE:0cxx_binary_literals
    Feature record: CXX_FEATURE:0cxx_constexpr
    Feature record: CXX_FEATURE:0cxx_contextual_conversions
    Feature record: CXX_FEATURE:0cxx_decltype
    Feature record: CXX_FEATURE:0cxx_decltype_auto
    Feature record: CXX_FEATURE:0cxx_decltype_incomplete_return_types
    Feature record: CXX_FEATURE:0cxx_default_function_template_args
    Feature record: CXX_FEATURE:0cxx_defaulted_functions
    Feature record: CXX_FEATURE:0cxx_defaulted_move_initializers
    Feature record: CXX_FEATURE:0cxx_delegating_constructors
    Feature record: CXX_FEATURE:0cxx_deleted_functions
    Feature record: CXX_FEATURE:0cxx_digit_separators
    Feature record: CXX_FEATURE:0cxx_enum_forward_declarations
    Feature record: CXX_FEATURE:0cxx_explicit_conversions
    Feature record: CXX_FEATURE:0cxx_extended_friend_declarations
    Feature record: CXX_FEATURE:0cxx_extern_templates
    Feature record: CXX_FEATURE:0cxx_final
    Feature record: CXX_FEATURE:0cxx_func_identifier
    Feature record: CXX_FEATURE:0cxx_generalized_initializers
    Feature record: CXX_FEATURE:0cxx_generic_lambdas
    Feature record: CXX_FEATURE:0cxx_inheriting_constructors
    Feature record: CXX_FEATURE:0cxx_inline_namespaces
    Feature record: CXX_FEATURE:0cxx_lambdas
    Feature record: CXX_FEATURE:0cxx_lambda_init_captures
    Feature record: CXX_FEATURE:0cxx_local_type_template_args
    Feature record: CXX_FEATURE:0cxx_long_long_type
    Feature record: CXX_FEATURE:0cxx_noexcept
    Feature record: CXX_FEATURE:0cxx_nonstatic_member_init
    Feature record: CXX_FEATURE:0cxx_nullptr
    Feature record: CXX_FEATURE:0cxx_override
    Feature record: CXX_FEATURE:0cxx_range_for
    Feature record: CXX_FEATURE:0cxx_raw_string_literals
    Feature record: CXX_FEATURE:0cxx_reference_qualified_functions
    Feature record: CXX_FEATURE:0cxx_relaxed_constexpr
    Feature record: CXX_FEATURE:0cxx_return_type_deduction
    Feature record: CXX_FEATURE:0cxx_right_angle_brackets
    Feature record: CXX_FEATURE:0cxx_rvalue_references
    Feature record: CXX_FEATURE:0cxx_sizeof_member
    Feature record: CXX_FEATURE:0cxx_static_assert
    Feature record: CXX_FEATURE:0cxx_strong_enums
    Feature record: CXX_FEATURE:1cxx_template_template_parameters
    Feature record: CXX_FEATURE:0cxx_thread_local
    Feature record: CXX_FEATURE:0cxx_trailing_return_types
    Feature record: CXX_FEATURE:0cxx_unicode_literals
    Feature record: CXX_FEATURE:0cxx_uniform_initialization
    Feature record: CXX_FEATURE:0cxx_unrestricted_unions
    Feature record: CXX_FEATURE:0cxx_user_literals
    Feature record: CXX_FEATURE:0cxx_variable_templates
    Feature record: CXX_FEATURE:0cxx_variadic_macros
    Feature record: CXX_FEATURE:0cxx_variadic_templates
Determining if the include file pthread.h exists passed with the following output:
Change Dir: /home/LOCAL.ISIMA.FR/yonidabrah/Documents/MODL/TP/cpp-labs/TP3/tp_3/build/CMakeFiles/CMakeTmp

Run Build Command:"/usr/bin/gmake" "cmTC_7b2a9/fast"
/usr/bin/gmake -f CMakeFiles/cmTC_7b2a9.dir/build.make CMakeFiles/cmTC_7b2a9.dir/build
gmake[1] : on entre dans le répertoire « /home/LOCAL.ISIMA.FR/yonidabrah/Documents/MODL/TP/cpp-labs/TP3/tp_3/build/CMakeFiles/CMakeTmp »
Building C object CMakeFiles/cmTC_7b2a9.dir/CheckIncludeFile.c.o
/usr/lib64/ccache/cc    -o CMakeFiles/cmTC_7b2a9.dir/CheckIncludeFile.c.o   -c /home/LOCAL.ISIMA.FR/yonidabrah/Documents/MODL/TP/cpp-labs/TP3/tp_3/build/CMakeFiles/CMakeTmp/CheckIncludeFile.c
Linking C executable cmTC_7b2a9
/usr/bin/cmake -E cmake_link_script CMakeFiles/cmTC_7b2a9.dir/link.txt --verbose=1
/usr/lib64/ccache/cc      -rdynamic CMakeFiles/cmTC_7b2a9.dir/CheckIncludeFile.c.o  -o cmTC_7b2a9 
gmake[1] : on quitte le répertoire « /home/LOCAL.ISIMA.FR/yonidabrah/Documents/MODL/TP/cpp-labs/TP3/tp_3/build/CMakeFiles/CMakeTmp »


Determining if the function pthread_create exists in the pthread passed with the following output:
Change Dir: /home/LOCAL.ISIMA.FR/yonidabrah/Documents/MODL/TP/cpp-labs/TP3/tp_3/build/CMakeFiles/CMakeTmp

Run Build Command:"/usr/bin/gmake" "cmTC_b862c/fast"
/usr/bin/gmake -f CMakeFiles/cmTC_b862c.dir/build.make CMakeFiles/cmTC_b862c.dir/build
gmake[1] : on entre dans le répertoire « /home/LOCAL.ISIMA.FR/yonidabrah/Documents/MODL/TP/cpp-labs/TP3/tp_3/build/CMakeFiles/CMakeTmp »
Building C object CMakeFiles/cmTC_b862c.dir/CheckFunctionExists.c.o
/usr/lib64/ccache/cc   -DCHECK_FUNCTION_EXISTS=pthread_create   -o CMakeFiles/cmTC_b862c.dir/CheckFunctionExists.c.o   -c /usr/share/cmake/Modules/CheckFunctionExists.c
Linking C executable cmTC_b862c
/usr/bin/cmake -E cmake_link_script CMakeFiles/cmTC_b862c.dir/link.txt --verbose=1
/usr/lib64/ccache/cc  -DCHECK_FUNCTION_EXISTS=pthread_create    -rdynamic CMakeFiles/cmTC_b862c.dir/CheckFunctionExists.c.o  -o cmTC_b862c -lpthread 
gmake[1] : on quitte le répertoire « /home/LOCAL.ISIMA.FR/yonidabrah/Documents/MODL/TP/cpp-labs/TP3/tp_3/build/CMakeFiles/CMakeTmp »


Performing C++ SOURCE FILE Test COMPILER_SUPPORTS_CPP14 succeeded with the following output:
Change Dir: /home/LOCAL.ISIMA.FR/yonidabrah/Documents/MODL/TP/cpp-labs/TP3/tp_3/build/CMakeFiles/CMakeTmp

Run Build Command:"/usr/bin/gmake" "cmTC_f975f/fast"
/usr/bin/gmake -f CMakeFiles/cmTC_f975f.dir/build.make CMakeFiles/cmTC_f975f.dir/build
gmake[1]: Entering directory '/home/LOCAL.ISIMA.FR/yonidabrah/Documents/MODL/TP/cpp-labs/TP3/tp_3/build/CMakeFiles/CMakeTmp'
Building CXX object CMakeFiles/cmTC_f975f.dir/src.cxx.o
/usr/lib64/ccache/c++    -Wall -pedantic  -DCOMPILER_SUPPORTS_CPP14   -std=gnu++14 -o CMakeFiles/cmTC_f975f.dir/src.cxx.o -c /home/LOCAL.ISIMA.FR/yonidabrah/Documents/MODL/TP/cpp-labs/TP3/tp_3/build/CMakeFiles/CMakeTmp/src.cxx
Linking CXX executable cmTC_f975f
/usr/bin/cmake -E cmake_link_script CMakeFiles/cmTC_f975f.dir/link.txt --verbose=1
/usr/lib64/ccache/c++  -Wall -pedantic  -DCOMPILER_SUPPORTS_CPP14    -rdynamic CMakeFiles/cmTC_f975f.dir/src.cxx.o  -o cmTC_f975f 
gmake[1]: Leaving directory '/home/LOCAL.ISIMA.FR/yonidabrah/Documents/MODL/TP/cpp-labs/TP3/tp_3/build/CMakeFiles/CMakeTmp'

Source file was:
int main() { return 0; }
Performing C++ SOURCE FILE Test COMPILER_SUPPORTS_CPP1Y succeeded with the following output:
Change Dir: /home/LOCAL.ISIMA.FR/yonidabrah/Documents/MODL/TP/cpp-labs/TP3/tp_3/build/CMakeFiles/CMakeTmp

Run Build Command:"/usr/bin/gmake" "cmTC_baee9/fast"
/usr/bin/gmake -f CMakeFiles/cmTC_baee9.dir/build.make CMakeFiles/cmTC_baee9.dir/build
gmake[1]: Entering directory '/home/LOCAL.ISIMA.FR/yonidabrah/Documents/MODL/TP/cpp-labs/TP3/tp_3/build/CMakeFiles/CMakeTmp'
Building CXX object CMakeFiles/cmTC_baee9.dir/src.cxx.o
/usr/lib64/ccache/c++    -Wall -pedantic  -DCOMPILER_SUPPORTS_CPP1Y   -std=gnu++1y -o CMakeFiles/cmTC_baee9.dir/src.cxx.o -c /home/LOCAL.ISIMA.FR/yonidabrah/Documents/MODL/TP/cpp-labs/TP3/tp_3/build/CMakeFiles/CMakeTmp/src.cxx
Linking CXX executable cmTC_baee9
/usr/bin/cmake -E cmake_link_script CMakeFiles/cmTC_baee9.dir/link.txt --verbose=1
/usr/lib64/ccache/c++  -Wall -pedantic  -DCOMPILER_SUPPORTS_CPP1Y    -rdynamic CMakeFiles/cmTC_baee9.dir/src.cxx.o  -o cmTC_baee9 
gmake[1]: Leaving directory '/home/LOCAL.ISIMA.FR/yonidabrah/Documents/MODL/TP/cpp-labs/TP3/tp_3/build/CMakeFiles/CMakeTmp'

Source file was:
int main() { return 0; }
Performing C++ SOURCE FILE Test COMPILER_SUPPORTS_CPP11 succeeded with the following output:
Change Dir: /home/LOCAL.ISIMA.FR/yonidabrah/Documents/MODL/TP/cpp-labs/TP3/tp_3/build/CMakeFiles/CMakeTmp

Run Build Command:"/usr/bin/gmake" "cmTC_35ff6/fast"
/usr/bin/gmake -f CMakeFiles/cmTC_35ff6.dir/build.make CMakeFiles/cmTC_35ff6.dir/build
gmake[1]: Entering directory '/home/LOCAL.ISIMA.FR/yonidabrah/Documents/MODL/TP/cpp-labs/TP3/tp_3/build/CMakeFiles/CMakeTmp'
Building CXX object CMakeFiles/cmTC_35ff6.dir/src.cxx.o
/usr/lib64/ccache/c++    -Wall -pedantic  -DCOMPILER_SUPPORTS_CPP11   -std=gnu++11 -o CMakeFiles/cmTC_35ff6.dir/src.cxx.o -c /home/LOCAL.ISIMA.FR/yonidabrah/Documents/MODL/TP/cpp-labs/TP3/tp_3/build/CMakeFiles/CMakeTmp/src.cxx
Linking CXX executable cmTC_35ff6
/usr/bin/cmake -E cmake_link_script CMakeFiles/cmTC_35ff6.dir/link.txt --verbose=1
/usr/lib64/ccache/c++  -Wall -pedantic  -DCOMPILER_SUPPORTS_CPP11    -rdynamic CMakeFiles/cmTC_35ff6.dir/src.cxx.o  -o cmTC_35ff6 
gmake[1]: Leaving directory '/home/LOCAL.ISIMA.FR/yonidabrah/Documents/MODL/TP/cpp-labs/TP3/tp_3/build/CMakeFiles/CMakeTmp'

Source file was:
int main() { return 0; }
Performing C++ SOURCE FILE Test COMPILER_SUPPORTS_CPP0X succeeded with the following output:
Change Dir: /home/LOCAL.ISIMA.FR/yonidabrah/Documents/MODL/TP/cpp-labs/TP3/tp_3/build/CMakeFiles/CMakeTmp

Run Build Command:"/usr/bin/gmake" "cmTC_1ed2e/fast"
/usr/bin/gmake -f CMakeFiles/cmTC_1ed2e.dir/build.make CMakeFiles/cmTC_1ed2e.dir/build
gmake[1]: Entering directory '/home/LOCAL.ISIMA.FR/yonidabrah/Documents/MODL/TP/cpp-labs/TP3/tp_3/build/CMakeFiles/CMakeTmp'
Building CXX object CMakeFiles/cmTC_1ed2e.dir/src.cxx.o
/usr/lib64/ccache/c++    -Wall -pedantic  -DCOMPILER_SUPPORTS_CPP0X   -std=gnu++0x -o CMakeFiles/cmTC_1ed2e.dir/src.cxx.o -c /home/LOCAL.ISIMA.FR/yonidabrah/Documents/MODL/TP/cpp-labs/TP3/tp_3/build/CMakeFiles/CMakeTmp/src.cxx
Linking CXX executable cmTC_1ed2e
/usr/bin/cmake -E cmake_link_script CMakeFiles/cmTC_1ed2e.dir/link.txt --verbose=1
/usr/lib64/ccache/c++  -Wall -pedantic  -DCOMPILER_SUPPORTS_CPP0X    -rdynamic CMakeFiles/cmTC_1ed2e.dir/src.cxx.o  -o cmTC_1ed2e 
gmake[1]: Leaving directory '/home/LOCAL.ISIMA.FR/yonidabrah/Documents/MODL/TP/cpp-labs/TP3/tp_3/build/CMakeFiles/CMakeTmp'

Source file was:
int main() { return 0; }
